# JRE version: OpenJDK Runtime Environment Temurin-17.0.9+9 (17.0.9+9) (build 17.0.9+9)
# Java VM: OpenJDK 64-Bit Server VM Temurin-17.0.9+9 (17.0.9+9, mixed mode, emulated-client, tiered, compressed oops, compressed class ptrs, g1 gc, windows-amd64)
GC Precious Log:
 CPUs: 8 total, 8 available
 Memory: 7975M
 Large Page Support: Disabled
 NUMA Support: Disabled
 Compressed Oops: Enabled (32-bit)
 Heap Region Size: 1M
 Heap Min Capacity: 8M
 Heap Initial Capacity: 126M
 Heap Max Capacity: 1G
 Pre-touch: Disabled
 Parallel Workers: 8
 Concurrent Workers: 2
 Concurrent Refinement Workers: 8
 Periodic GC: Disabled
Heap:
 garbage-first heap   total 91136K, used 43345K [0x00000000c0000000, 0x0000000100000000)
  region size 1024K, 1 young (1024K), 0 survivors (0K)
 Metaspace       used 58507K, committed 58944K, reserved 1114112K
  class space    used 7275K, committed 7488K, reserved 1048576K
GC Heap History (20 events):
Event: 29881.696 GC heap before
{Heap before GC invocations=1949 (full 1889):
 garbage-first heap   total 91136K, used 43345K [0x00000000c0000000, 0x0000000100000000)
  region size 1024K, 1 young (1024K), 0 survivors (0K)
 Metaspace       used 58507K, committed 58944K, reserved 1114112K
  class space    used 7275K, committed 7488K, reserved 1048576K
}
Event: 29881.727 GC heap after
{Heap after GC invocations=1950 (full 1890):
 garbage-first heap   total 91136K, used 43345K [0x00000000c0000000, 0x0000000100000000)
  region size 1024K, 0 young (0K), 0 survivors (0K)
 Metaspace       used 58507K, committed 58944K, reserved 1114112K
  class space    used 7275K, committed 7488K, reserved 1048576K
}
Event: 29891.838 GC heap before
{Heap before GC invocations=1950 (full 1890):
 garbage-first heap   total 91136K, used 43345K [0x00000000c0000000, 0x0000000100000000)
  region size 1024K, 1 young (1024K), 0 survivors (0K)
 Metaspace       used 58507K, committed 58944K, reserved 1114112K
  class space    used 7275K, committed 7488K, reserved 1048576K
}
Event: 29891.873 GC heap after
{Heap after GC invocations=1951 (full 1891):
 garbage-first heap   total 91136K, used 43345K [0x00000000c0000000, 0x0000000100000000)
  region size 1024K, 0 young (0K), 0 survivors (0K)
 Metaspace       used 58507K, committed 58944K, reserved 1114112K
  class space    used 7275K, committed 7488K, reserved 1048576K
}
Event: 29901.979 GC heap before
{Heap before GC invocations=1951 (full 1891):
 garbage-first heap   total 91136K, used 43345K [0x00000000c0000000, 0x0000000100000000)
  region size 1024K, 1 young (1024K), 0 survivors (0K)
 Metaspace       used 58507K, committed 58944K, reserved 1114112K
  class space    used 7275K, committed 7488K, reserved 1048576K
}
Event: 29902.012 GC heap after
{Heap after GC invocations=1952 (full 1892):
 garbage-first heap   total 91136K, used 43345K [0x00000000c0000000, 0x0000000100000000)
  region size 1024K, 0 young (0K), 0 survivors (0K)
 Metaspace       used 58507K, committed 58944K, reserved 1114112K
  class space    used 7275K, committed 7488K, reserved 1048576K
}
Event: 29912.118 GC heap before
{Heap before GC invocations=1952 (full 1892):
 garbage-first heap   total 91136K, used 43345K [0x00000000c0000000, 0x0000000100000000)
  region size 1024K, 1 young (1024K), 0 survivors (0K)
 Metaspace       used 58507K, committed 58944K, reserved 1114112K
  class space    used 7275K, committed 7488K, reserved 1048576K
}
Event: 29912.150 GC heap after
{Heap after GC invocations=1953 (full 1893):
 garbage-first heap   total 91136K, used 43345K [0x00000000c0000000, 0x0000000100000000)
  region size 1024K, 0 young (0K), 0 survivors (0K)
 Metaspace       used 58507K, committed 58944K, reserved 1114112K
  class space    used 7275K, committed 7488K, reserved 1048576K
}
Event: 29922.270 GC heap before
{Heap before GC invocations=1953 (full 1893):
 garbage-first heap   total 91136K, used 43345K [0x00000000c0000000, 0x0000000100000000)
  region size 1024K, 1 young (1024K), 0 survivors (0K)
 Metaspace       used 58507K, committed 58944K, reserved 1114112K
  class space    used 7275K, committed 7488K, reserved 1048576K
}
Event: 29922.303 GC heap after
{Heap after GC invocations=1954 (full 1894):
 garbage-first heap   total 91136K, used 43345K [0x00000000c0000000, 0x0000000100000000)
  region size 1024K, 0 young (0K), 0 survivors (0K)
 Metaspace       used 58507K, committed 58944K, reserved 1114112K
  class space    used 7275K, committed 7488K, reserved 1048576K
}
Event: 29932.695 GC heap before
{Heap before GC invocations=1954 (full 1894):
 garbage-first heap   total 91136K, used 43345K [0x00000000c0000000, 0x0000000100000000)
  region size 1024K, 1 young (1024K), 0 survivors (0K)
 Metaspace       used 58507K, committed 58944K, reserved 1114112K
  class space    used 7275K, committed 7488K, reserved 1048576K
}
Event: 29932.750 GC heap after
{Heap after GC invocations=1955 (full 1895):
 garbage-first heap   total 91136K, used 43345K [0x00000000c0000000, 0x0000000100000000)
  region size 1024K, 0 young (0K), 0 survivors (0K)
 Metaspace       used 58507K, committed 58944K, reserved 1114112K
  class space    used 7275K, committed 7488K, reserved 1048576K
}
Event: 29942.963 GC heap before
{Heap before GC invocations=1955 (full 1895):
 garbage-first heap   total 91136K, used 43345K [0x00000000c0000000, 0x0000000100000000)
  region size 1024K, 1 young (1024K), 0 survivors (0K)
 Metaspace       used 58507K, committed 58944K, reserved 1114112K
  class space    used 7275K, committed 7488K, reserved 1048576K
}
Event: 29943.009 GC heap after
{Heap after GC invocations=1956 (full 1896):
 garbage-first heap   total 91136K, used 43345K [0x00000000c0000000, 0x0000000100000000)
  region size 1024K, 0 young (0K), 0 survivors (0K)
 Metaspace       used 58507K, committed 58944K, reserved 1114112K
  class space    used 7275K, committed 7488K, reserved 1048576K
}
Event: 29953.134 GC heap before
{Heap before GC invocations=1956 (full 1896):
 garbage-first heap   total 91136K, used 43345K [0x00000000c0000000, 0x0000000100000000)
  region size 1024K, 1 young (1024K), 0 survivors (0K)
 Metaspace       used 58507K, committed 58944K, reserved 1114112K
  class space    used 7275K, committed 7488K, reserved 1048576K
}
Event: 29953.170 GC heap after
{Heap after GC invocations=1957 (full 1897):
 garbage-first heap   total 91136K, used 43345K [0x00000000c0000000, 0x0000000100000000)
  region size 1024K, 0 young (0K), 0 survivors (0K)
 Metaspace       used 58507K, committed 58944K, reserved 1114112K
  class space    used 7275K, committed 7488K, reserved 1048576K
}
Event: 29963.278 GC heap before
{Heap before GC invocations=1957 (full 1897):
 garbage-first heap   total 91136K, used 43345K [0x00000000c0000000, 0x0000000100000000)
  region size 1024K, 1 young (1024K), 0 survivors (0K)
 Metaspace       used 58507K, committed 58944K, reserved 1114112K
  class space    used 7275K, committed 7488K, reserved 1048576K
}
Event: 29963.311 GC heap after
{Heap after GC invocations=1958 (full 1898):
 garbage-first heap   total 91136K, used 43345K [0x00000000c0000000, 0x0000000100000000)
  region size 1024K, 0 young (0K), 0 survivors (0K)
 Metaspace       used 58507K, committed 58944K, reserved 1114112K
  class space    used 7275K, committed 7488K, reserved 1048576K
}
Event: 29973.462 GC heap before
{Heap before GC invocations=1958 (full 1898):
 garbage-first heap   total 91136K, used 43345K [0x00000000c0000000, 0x0000000100000000)
  region size 1024K, 1 young (1024K), 0 survivors (0K)
 Metaspace       used 58507K, committed 58944K, reserved 1114112K
  class space    used 7275K, committed 7488K, reserved 1048576K
}
Event: 29973.497 GC heap after
{Heap after GC invocations=1959 (full 1899):
 garbage-first heap   total 91136K, used 43345K [0x00000000c0000000, 0x0000000100000000)
  region size 1024K, 0 young (0K), 0 survivors (0K)
 Metaspace       used 58507K, committed 58944K, reserved 1114112K
  class space    used 7275K, committed 7488K, reserved 1048576K
}

